mode: set
github.com/pivotal/rabbitmq-for-kubernetes/pkg/helpers/kustomize.go:20.35,30.16 8 1
github.com/pivotal/rabbitmq-for-kubernetes/pkg/helpers/kustomize.go:33.2,37.37 4 1
github.com/pivotal/rabbitmq-for-kubernetes/pkg/helpers/kustomize.go:40.2,40.12 1 1
github.com/pivotal/rabbitmq-for-kubernetes/pkg/helpers/kustomize.go:30.16,32.3 1 0
github.com/pivotal/rabbitmq-for-kubernetes/pkg/helpers/kustomize.go:37.37,39.3 1 1
github.com/pivotal/rabbitmq-for-kubernetes/pkg/helpers/kustomize.go:43.26,47.16 3 1
github.com/pivotal/rabbitmq-for-kubernetes/pkg/helpers/kustomize.go:51.2,51.25 1 1
github.com/pivotal/rabbitmq-for-kubernetes/pkg/helpers/kustomize.go:47.16,49.3 1 0
github.com/pivotal/rabbitmq-for-kubernetes/pkg/helpers/kustomize.go:52.15,53.25 1 0
github.com/pivotal/rabbitmq-for-kubernetes/pkg/helpers/kustomize.go:54.18,55.25 1 1
github.com/pivotal/rabbitmq-for-kubernetes/pkg/helpers/kustomize.go:56.19,57.25 1 1
github.com/pivotal/rabbitmq-for-kubernetes/pkg/helpers/kustomize.go:58.21,59.25 1 1
github.com/pivotal/rabbitmq-for-kubernetes/pkg/helpers/kustomize.go:60.28,61.25 1 1
github.com/pivotal/rabbitmq-for-kubernetes/pkg/helpers/kustomize.go:62.25,63.25 1 1
github.com/pivotal/rabbitmq-for-kubernetes/pkg/helpers/kustomize.go:64.32,65.25 1 1
github.com/pivotal/rabbitmq-for-kubernetes/pkg/helpers/kustomize.go:66.27,67.25 1 0
github.com/pivotal/rabbitmq-for-kubernetes/pkg/helpers/kustomize.go:68.34,69.25 1 0
github.com/pivotal/rabbitmq-for-kubernetes/pkg/helpers/kustomize.go:70.26,71.25 1 1
github.com/pivotal/rabbitmq-for-kubernetes/pkg/helpers/kustomize.go:72.27,73.25 1 0
github.com/pivotal/rabbitmq-for-kubernetes/pkg/helpers/kustomize.go:75.10,76.62 1 0
github.com/pivotal/rabbitmq-for-kubernetes/pkg/controller/rabbitmqcluster/rabbitmqcluster_controller.go:49.37,51.2 1 0
github.com/pivotal/rabbitmq-for-kubernetes/pkg/controller/rabbitmqcluster/rabbitmqcluster_controller.go:54.62,56.2 1 1
github.com/pivotal/rabbitmq-for-kubernetes/pkg/controller/rabbitmqcluster/rabbitmqcluster_controller.go:59.61,62.16 2 1
github.com/pivotal/rabbitmq-for-kubernetes/pkg/controller/rabbitmqcluster/rabbitmqcluster_controller.go:67.2,68.16 2 1
github.com/pivotal/rabbitmq-for-kubernetes/pkg/controller/rabbitmqcluster/rabbitmqcluster_controller.go:74.2,78.16 2 1
github.com/pivotal/rabbitmq-for-kubernetes/pkg/controller/rabbitmqcluster/rabbitmqcluster_controller.go:82.2,82.12 1 1
github.com/pivotal/rabbitmq-for-kubernetes/pkg/controller/rabbitmqcluster/rabbitmqcluster_controller.go:62.16,64.3 1 0
github.com/pivotal/rabbitmq-for-kubernetes/pkg/controller/rabbitmqcluster/rabbitmqcluster_controller.go:68.16,70.3 1 0
github.com/pivotal/rabbitmq-for-kubernetes/pkg/controller/rabbitmqcluster/rabbitmqcluster_controller.go:78.16,80.3 1 0
github.com/pivotal/rabbitmq-for-kubernetes/pkg/controller/rabbitmqcluster/rabbitmqcluster_controller.go:102.99,106.16 3 1
github.com/pivotal/rabbitmq-for-kubernetes/pkg/controller/rabbitmqcluster/rabbitmqcluster_controller.go:118.2,140.90 2 1
github.com/pivotal/rabbitmq-for-kubernetes/pkg/controller/rabbitmqcluster/rabbitmqcluster_controller.go:146.2,148.42 3 1
github.com/pivotal/rabbitmq-for-kubernetes/pkg/controller/rabbitmqcluster/rabbitmqcluster_controller.go:158.2,158.49 1 1
github.com/pivotal/rabbitmq-for-kubernetes/pkg/controller/rabbitmqcluster/rabbitmqcluster_controller.go:166.2,166.32 1 1
github.com/pivotal/rabbitmq-for-kubernetes/pkg/controller/rabbitmqcluster/rabbitmqcluster_controller.go:106.16,107.29 1 0
github.com/pivotal/rabbitmq-for-kubernetes/pkg/controller/rabbitmqcluster/rabbitmqcluster_controller.go:113.3,113.33 1 0
github.com/pivotal/rabbitmq-for-kubernetes/pkg/controller/rabbitmqcluster/rabbitmqcluster_controller.go:107.29,111.4 1 0
github.com/pivotal/rabbitmq-for-kubernetes/pkg/controller/rabbitmqcluster/rabbitmqcluster_controller.go:140.90,142.3 1 0
github.com/pivotal/rabbitmq-for-kubernetes/pkg/controller/rabbitmqcluster/rabbitmqcluster_controller.go:148.42,152.3 3 1
github.com/pivotal/rabbitmq-for-kubernetes/pkg/controller/rabbitmqcluster/rabbitmqcluster_controller.go:152.8,152.23 1 1
github.com/pivotal/rabbitmq-for-kubernetes/pkg/controller/rabbitmqcluster/rabbitmqcluster_controller.go:152.23,154.3 1 0
github.com/pivotal/rabbitmq-for-kubernetes/pkg/controller/rabbitmqcluster/rabbitmqcluster_controller.go:158.49,162.17 4 1
github.com/pivotal/rabbitmq-for-kubernetes/pkg/controller/rabbitmqcluster/rabbitmqcluster_controller.go:162.17,164.4 1 0
github.com/pivotal/rabbitmq-for-kubernetes/pkg/apis/rabbitmq/v1beta1/rabbitmqcluster_types.go:60.13,62.2 1 1
github.com/pivotal/rabbitmq-for-kubernetes/pkg/apis/rabbitmq/v1beta1/register.go:44.53,46.2 1 0
github.com/pivotal/rabbitmq-for-kubernetes/pkg/apis/rabbitmq/v1beta1/zz_generated.deepcopy.go:27.63,34.2 6 1
github.com/pivotal/rabbitmq-for-kubernetes/pkg/apis/rabbitmq/v1beta1/zz_generated.deepcopy.go:37.56,38.15 1 1
github.com/pivotal/rabbitmq-for-kubernetes/pkg/apis/rabbitmq/v1beta1/zz_generated.deepcopy.go:41.2,43.12 3 1
github.com/pivotal/rabbitmq-for-kubernetes/pkg/apis/rabbitmq/v1beta1/zz_generated.deepcopy.go:38.15,40.3 1 0
github.com/pivotal/rabbitmq-for-kubernetes/pkg/apis/rabbitmq/v1beta1/zz_generated.deepcopy.go:47.60,48.34 1 0
github.com/pivotal/rabbitmq-for-kubernetes/pkg/apis/rabbitmq/v1beta1/zz_generated.deepcopy.go:51.2,51.12 1 0
github.com/pivotal/rabbitmq-for-kubernetes/pkg/apis/rabbitmq/v1beta1/zz_generated.deepcopy.go:48.34,50.3 1 0
github.com/pivotal/rabbitmq-for-kubernetes/pkg/apis/rabbitmq/v1beta1/zz_generated.deepcopy.go:55.71,59.21 4 0
github.com/pivotal/rabbitmq-for-kubernetes/pkg/apis/rabbitmq/v1beta1/zz_generated.deepcopy.go:66.2,66.8 1 0
github.com/pivotal/rabbitmq-for-kubernetes/pkg/apis/rabbitmq/v1beta1/zz_generated.deepcopy.go:59.21,62.22 3 0
github.com/pivotal/rabbitmq-for-kubernetes/pkg/apis/rabbitmq/v1beta1/zz_generated.deepcopy.go:62.22,64.4 1 0
github.com/pivotal/rabbitmq-for-kubernetes/pkg/apis/rabbitmq/v1beta1/zz_generated.deepcopy.go:70.64,71.15 1 0
github.com/pivotal/rabbitmq-for-kubernetes/pkg/apis/rabbitmq/v1beta1/zz_generated.deepcopy.go:74.2,76.12 3 0
github.com/pivotal/rabbitmq-for-kubernetes/pkg/apis/rabbitmq/v1beta1/zz_generated.deepcopy.go:71.15,73.3 1 0
github.com/pivotal/rabbitmq-for-kubernetes/pkg/apis/rabbitmq/v1beta1/zz_generated.deepcopy.go:80.64,81.34 1 0
github.com/pivotal/rabbitmq-for-kubernetes/pkg/apis/rabbitmq/v1beta1/zz_generated.deepcopy.go:84.2,84.12 1 0
github.com/pivotal/rabbitmq-for-kubernetes/pkg/apis/rabbitmq/v1beta1/zz_generated.deepcopy.go:81.34,83.3 1 0
github.com/pivotal/rabbitmq-for-kubernetes/pkg/apis/rabbitmq/v1beta1/zz_generated.deepcopy.go:88.71,91.2 2 0
github.com/pivotal/rabbitmq-for-kubernetes/pkg/apis/rabbitmq/v1beta1/zz_generated.deepcopy.go:94.64,95.15 1 0
github.com/pivotal/rabbitmq-for-kubernetes/pkg/apis/rabbitmq/v1beta1/zz_generated.deepcopy.go:98.2,100.12 3 0
github.com/pivotal/rabbitmq-for-kubernetes/pkg/apis/rabbitmq/v1beta1/zz_generated.deepcopy.go:95.15,97.3 1 0
github.com/pivotal/rabbitmq-for-kubernetes/pkg/apis/rabbitmq/v1beta1/zz_generated.deepcopy.go:104.75,107.2 2 0
github.com/pivotal/rabbitmq-for-kubernetes/pkg/apis/rabbitmq/v1beta1/zz_generated.deepcopy.go:110.68,111.15 1 0
github.com/pivotal/rabbitmq-for-kubernetes/pkg/apis/rabbitmq/v1beta1/zz_generated.deepcopy.go:114.2,116.12 3 0
github.com/pivotal/rabbitmq-for-kubernetes/pkg/apis/rabbitmq/v1beta1/zz_generated.deepcopy.go:111.15,113.3 1 0
